0 info it worked if it ends with ok
1 verbose cli [ '/usr/bin/node', '/usr/bin/npm', 'run', 'build-storybook' ]
2 info using npm@3.5.2
3 info using node@v8.10.0
4 verbose run-script [ 'prebuild-storybook',
4 verbose run-script   'build-storybook',
4 verbose run-script   'postbuild-storybook' ]
5 info lifecycle rdf-scheme-editor@0.0.1~prebuild-storybook: rdf-scheme-editor@0.0.1
6 silly lifecycle rdf-scheme-editor@0.0.1~prebuild-storybook: no script for prebuild-storybook, continuing
7 info lifecycle rdf-scheme-editor@0.0.1~build-storybook: rdf-scheme-editor@0.0.1
8 verbose lifecycle rdf-scheme-editor@0.0.1~build-storybook: unsafe-perm in lifecycle true
9 verbose lifecycle rdf-scheme-editor@0.0.1~build-storybook: PATH: /usr/share/npm/bin/node-gyp-bin:/home/rashid/github/rdf-scheme-editor/node_modules/.bin:/usr/local/sbin:/usr/local/bin:/usr/sbin:/usr/bin:/sbin:/bin:/usr/games:/usr/local/games:/snap/bin
10 verbose lifecycle rdf-scheme-editor@0.0.1~build-storybook: CWD: /home/rashid/github/rdf-scheme-editor
11 silly lifecycle rdf-scheme-editor@0.0.1~build-storybook: Args: [ '-c', 'build-storybook -s public' ]
12 silly lifecycle rdf-scheme-editor@0.0.1~build-storybook: Returned: code: 1  signal: null
13 info lifecycle rdf-scheme-editor@0.0.1~build-storybook: Failed to exec build-storybook script
14 verbose stack Error: rdf-scheme-editor@0.0.1 build-storybook: `build-storybook -s public`
14 verbose stack Exit status 1
14 verbose stack     at EventEmitter.<anonymous> (/usr/share/npm/lib/utils/lifecycle.js:232:16)
14 verbose stack     at emitTwo (events.js:126:13)
14 verbose stack     at EventEmitter.emit (events.js:214:7)
14 verbose stack     at ChildProcess.<anonymous> (/usr/share/npm/lib/utils/spawn.js:24:14)
14 verbose stack     at emitTwo (events.js:126:13)
14 verbose stack     at ChildProcess.emit (events.js:214:7)
14 verbose stack     at maybeClose (internal/child_process.js:925:16)
14 verbose stack     at Process.ChildProcess._handle.onexit (internal/child_process.js:209:5)
15 verbose pkgid rdf-scheme-editor@0.0.1
16 verbose cwd /home/rashid/github/rdf-scheme-editor
17 error Linux 4.15.0-45-generic
18 error argv "/usr/bin/node" "/usr/bin/npm" "run" "build-storybook"
19 error node v8.10.0
20 error npm  v3.5.2
21 error code ELIFECYCLE
22 error rdf-scheme-editor@0.0.1 build-storybook: `build-storybook -s public`
22 error Exit status 1
23 error Failed at the rdf-scheme-editor@0.0.1 build-storybook script 'build-storybook -s public'.
23 error Make sure you have the latest version of node.js and npm installed.
23 error If you do, this is most likely a problem with the rdf-scheme-editor package,
23 error not with npm itself.
23 error Tell the author that this fails on your system:
23 error     build-storybook -s public
23 error You can get information on how to open an issue for this project with:
23 error     npm bugs rdf-scheme-editor
23 error Or if that isn't available, you can get their info via:
23 error     npm owner ls rdf-scheme-editor
23 error There is likely additional logging output above.
24 verbose exit [ 1, true ]
